
TB750B6C0 000:000 SEGGER J-Link V4.78k Log File (0000ms, 0000ms total)
TB750B6C0 000:000 DLL Compiled: Dec  5 2013 20:30:31 (0000ms, 0000ms total)
TB750B6C0 000:000 Logging started @ 2013-12-23 00:12 (0000ms, 0000ms total)
TB750B6C0 000:000 JLINK_SetWarnOutHandler(...) (0000ms, 0000ms total)
TB750B6C0 000:000 JLINK_SelectUSB(Port = 0)  returns 0x00 (0000ms, 0000ms total)
TB750B6C0 000:000 JLINK_OpenEx(...)
Firmware: J-Link ARM-OB STM32 compiled Aug 22 2012 19:52:04
Hardware: V7.00
S/N: 20090928
Feature(s): RDI,FlashDL,FlashBP,JFlash,GDBFull  returns O.K. (0298ms, 0298ms total)
TB750B6C0 000:298 JLINK_SetErrorOutHandler(...) (0000ms, 0298ms total)
TB750B6C0 000:298 JLINK_EnableLog(...) (0000ms, 0298ms total)
TB750B6C0 000:298 JLINK_SetInitRegsOnReset(OFF)  returns 0x01 (0000ms, 0298ms total)
TB750B6C0 000:298 JLINK_GetDLLVersion()  returns 47811 (0000ms, 0298ms total)
TB750B6C0 000:298 JLINK_GetCompileDateTime() (0000ms, 0298ms total)
TB750B6C0 000:298 JLINK_GetFirmwareString(...) (0000ms, 0298ms total)
TB750B6C0 000:298 JLINK_GetHardwareVersion()  returns 0x11170 (0000ms, 0298ms total)
TB750B6C0 000:298 JLINK_EMU_HasCapEx(0x00000026)  returns 0x00 (0000ms, 0298ms total)
TB750B6C0 000:298 JLINK_EMU_GetProductId() (0000ms, 0298ms total)
TB750B6C0 000:298 JLINK_GetHardwareVersion()  returns 0x11170 (0000ms, 0298ms total)
TB750B6C0 000:298 JLINK_GetFirmwareString(...) (0000ms, 0298ms total)
TB750B6C0 000:298 JLINK_GetEmuCaps()  returns 0x88EA5833 (0000ms, 0298ms total)
TB750B6C0 000:298 JLINK_GetEmuCaps()  returns 0x88EA5833 (0000ms, 0298ms total)
TB750B6C0 000:298 JLINK_GetHWStatus(...)  returns 0x00 (0003ms, 0301ms total)
TB750B6C0 000:301 JLINK_SetSpeed(100) (0001ms, 0302ms total)
TB750B6C0 000:302 JLINK_GetEmuCaps()  returns 0x88EA5833 (0000ms, 0302ms total)
TB750B6C0 000:302 JLINK_TIF_GetAvailable(...) (0002ms, 0304ms total)
TB750B6C0 000:304 JLINK_Connect() >0x2F8 JTAG>TotalIRLen = 4, IRPrint = 0x01 >0x30 JTAG> >0x210 JTAG> >0x70 JTAG> >0x40 JTAG> >0x40 JTAG> >0x40 JTAG> >0x48 JTAG> >0x78 JTAG> >0x40 JTAG> >0x30 JTAG> >0x40 JTAG> >0x40 JTAG> >0x30 JTAG> >0x40 JTAG> >0x48 JTAG>Found Cortex-M3 r2p0, Little endian. >0x1D0 JTAG> >0x1D8 JTAG> >0x1D8 JTAG>FPUnit: 6 code (BP) slots and 2 literal slots >0x1D8 JTAG> >0x1D8 JTAG> >0x1D0 JTAG> >0x1D8 JTAG>TPIU fitted. >0x1D8 JTAG>ETM fitted. >0x1D8 JTAG>  returns 0x00
 (0104ms, 0408ms total)
TB750B6C0 000:408 JLINK_GetIdData(...) ScanLen=4 NumDevices=1 aId[0]=0x4BA00477 aIrRead[0]=0 aScanLen[0]=0 aScanRead[0]=0 (0000ms, 0408ms total)
TB750B6C0 000:408 JLINK_JTAG_GetDeviceID(DeviceIndex = 0)  returns 0x4BA00477 (0000ms, 0408ms total)
TB750B6C0 000:408 JLINK_JTAG_GetDeviceInfo(DeviceIndex = 0)  returns 0x00 (0000ms, 0408ms total)
TB750B6C0 000:408 JLINK_GetDeviceFamily()  returns 3 (0000ms, 0408ms total)
TB750B6C0 000:408 JLINK_GetDeviceFamily()  returns 3 (0000ms, 0408ms total)
TB750B6C0 000:408 JLINK_GetDeviceFamily()  returns 3 (0000ms, 0408ms total)
TB750B6C0 000:408 JLINK_GetDeviceFamily()  returns 3 (0000ms, 0408ms total)
TB750B6C0 000:408 JLINK_SetSpeed(100) (0001ms, 0409ms total)
TB750B6C0 000:409 JLINK_GetHWStatus(...)  returns 0x00 (0002ms, 0411ms total)
TB750B6C0 000:411 JLINK_GetSpeedInfo() 16000000 Hz / n, n >= 4 (0000ms, 0411ms total)
TB750B6C0 000:411 JLINK_GetSpeed()  returns 0x64 (0000ms, 0411ms total)
TB750B6C0 009:575 JLINK_ExecCommand(" device lpc1768", ...)Device "LPC1768" selected (512 KB flash, 32 KB RAM).  returns 0x00 (0002ms, 0413ms total)
TB750B6C0 021:489 JLINK_IsHalted() >0x170 JTAG>Core is locked-up! >0x218 JTAG> >0x170 JTAG>CPU halted >0x1598 JTAG>T-bit of XPSR is 0 but should be 1. Changed to 1. >0x1D8 JTAG>  returns TRUE (0089ms, 0502ms total)
TB750B6C0 021:578 JLINK_BeginDownload(Flags = 0x00) (0000ms, 0413ms total)
TB750B6C0 021:578 JLINK_WriteMem(0x00000000, 0x0730 Bytes, ...) -- Data:  08 04 00 10 CD 01 00 00 15 02 00 00 15 02 00 00 ...  returns 0x730 (0000ms, 0413ms total)
TB750B6C0 021:578 JLINK_EndDownload() -- -------------------------------------- -- Start of determining dirty areas -- End of determining dirty areas -- Start of preparing flash programming -- Calculating RAM usage -- RAM usage = 2772 Bytes -- Preserving registers -- Preparing memory -- Determining CPU clock frequency -- CPU clock frequency: 3617 kHz -- CPU frequency = 3617 kHz -- Preparing target -- Preserving additional used target memory -- Downloading RAMCode -- Using alternate TurboMode RAMCode
 -- Checking target RAM -- Preparing RAMCode -- End of preparing flash programmingCPU is running at low speed (3617 kHz). -- CPU is running at 3617 kHz. -- Start of comparing flash -- CRC check was estimated as fastest method -- Comparing range 0x0000 - 0x0FFF (1 Sector, 4 KB), using multi-block CRC calculation -- CRC does not match for sector 0 -- End of comparing flash -- Start of erasing sectors -- Erasing range 0x00000000 - 0x00000FFF (  1 Sector, 4 KB) -- End of erasing sectors
 -- Start of flash programming -- Programming range 0x00000000 - 0x00000FFF (  1 Sector, 4 KB) -- End of flash programming -- Flash programming performed for 1 range (4096 bytes) -- 0x0000 - 0x0FFF (001 Sector, 4 KB) -- Start of verifying flash -- Checksum calculation was estimated as fastest method -- End of verifying flash -- Start of restoring -- Restore RAMCode -- Restore content of target memory -- Restore target -- Restore memory -- Restore content of registers -- End of restoring
 -- Total time needed: 1.561s (Prepare: 0.999s, Compare: 0.015s, Erase: 0.120s, Program: 0.299s, Verify: 0.008s, Restore: 0.119s)  returns 0x1000 (1562ms, 1975ms total)
TB2920B40 021:578 
  ***** Error: Connection to emulator lost! (16828ms, 18803ms total)
TB750B6C0 051:465 JLINK_ClrError() (0000ms, 1975ms total)
TB750B6C0 051:571 JLINK_Close() (0000ms, 1975ms total)
TB750B6C0 051:571  (0000ms, 1975ms total)
TB750B6C0 051:571 Closed (0000ms, 1975ms total)
